<?xml version="1.0" encoding="UTF-8"?>
<testng-results skipped="0" failed="0" total="3" passed="3">
  <reporter-output>
  </reporter-output>
  <suite name="Default suite" duration-ms="43" started-at="2018-05-13T01:22:05Z" finished-at="2018-05-13T01:22:05Z">
    <groups>
    </groups>
    <test name="Default test" duration-ms="43" started-at="2018-05-13T01:22:05Z" finished-at="2018-05-13T01:22:05Z">
      <class name="a_1_Program.ParameterTesting_CrossBrowser">
        <test-method status="PASS" signature="testbrowser(java.lang.String, java.lang.String)[pri:0, instance:a_1_Program.ParameterTesting_CrossBrowser@654f0d9c]" name="testbrowser" duration-ms="16" started-at="2018-05-13T06:52:05Z" data-provider="getTest" finished-at="2018-05-13T06:52:05Z">
          <params>
            <param index="0">
              <value>
                <![CDATA[d00]]>
              </value>
            </param>
            <param index="1">
              <value>
                <![CDATA[d00]]>
              </value>
            </param>
          </params>
          <reporter-output>
          </reporter-output>
        </test-method> <!-- testbrowser -->
        <test-method status="PASS" signature="testbrowser(java.lang.String, java.lang.String)[pri:0, instance:a_1_Program.ParameterTesting_CrossBrowser@654f0d9c]" name="testbrowser" duration-ms="1" started-at="2018-05-13T06:52:05Z" data-provider="getTest" finished-at="2018-05-13T06:52:05Z">
          <params>
            <param index="0">
              <value>
                <![CDATA[d00]]>
              </value>
            </param>
            <param index="1">
              <value>
                <![CDATA[d00]]>
              </value>
            </param>
          </params>
          <reporter-output>
          </reporter-output>
        </test-method> <!-- testbrowser -->
        <test-method status="PASS" signature="testbrowser(java.lang.String, java.lang.String)[pri:0, instance:a_1_Program.ParameterTesting_CrossBrowser@654f0d9c]" name="testbrowser" duration-ms="2" started-at="2018-05-13T06:52:05Z" data-provider="getTest" finished-at="2018-05-13T06:52:05Z">
          <params>
            <param index="0">
              <value>
                <![CDATA[d00]]>
              </value>
            </param>
            <param index="1">
              <value>
                <![CDATA[d00]]>
              </value>
            </param>
          </params>
          <reporter-output>
          </reporter-output>
        </test-method> <!-- testbrowser -->
      </class> <!-- a_1_Program.ParameterTesting_CrossBrowser -->
    </test> <!-- Default test -->
  </suite> <!-- Default suite -->
</testng-results>
