<?xml version="1.0" encoding="UTF-8"?>
<!-- Generated by org.testng.reporters.JUnitXMLReporter -->
<testsuite hostname="BLTPG00TMEG" name="Default test" tests="3" failures="0" timestamp="13 May 2018 01:22:05 GMT" time="0.043" errors="0">
  <testcase name="testbrowser" time="0.016" classname="a_1_Program.ParameterTesting_CrossBrowser"/>
  <testcase name="testbrowser" time="0.001" classname="a_1_Program.ParameterTesting_CrossBrowser"/>
  <testcase name="testbrowser" time="0.002" classname="a_1_Program.ParameterTesting_CrossBrowser"/>
</testsuite> <!-- Default test -->
